=== Toolchain Setup Started at ned 15.06.2025.  1:39:22,98 === 
[INFO] This script does NOT install via pacman, as arm-none-eabi-gcc is not available in MSYS2 repositories. 
[INFO] Please download and run the official ARM GNU Toolchain installer: 
[INFO] https://developer.arm.com/downloads/-/arm-gnu-toolchain-downloads 
[INFO] Direct EXE download (v13.3 rel1 for Windows): 
[INFO] https://developer.arm.com/-/media/Files/downloads/gnu/13.3.rel1/binrel/arm-gnu-toolchain-13.3.rel1-mingw-w64-i686-arm-none-eabi.exe 
 
[NOTE] After installation, make sure to add the 'bin' folder to your system PATH. 
[Example] PATH = C:\Program Files (x86)\Arm GNU Toolchain arm-none-eabi\13.3 rel1\bin 
 
Checking installed ARM toolchain... 
 
[CHECK] where arm-none-eabi-gcc 
C:\Program Files (x86)\Arm GNU Toolchain arm-none-eabi\13.3 rel1\bin\arm-none-eabi-gcc.exe
[CHECK] arm-none-eabi-gcc --version 
arm-none-eabi-gcc (Arm GNU Toolchain 13.3.Rel1 (Build arm-13.24)) 13.3.1 20240614
Copyright (C) 2023 Free Software Foundation, Inc.
This is free software; see the source for copying conditions.  There is NO
warranty; not even for MERCHANTABILITY or FITNESS FOR A PARTICULAR PURPOSE.

[CHECK] where arm-none-eabi-ld 
C:\Program Files (x86)\Arm GNU Toolchain arm-none-eabi\13.3 rel1\bin\arm-none-eabi-ld.exe
[CHECK] arm-none-eabi-ld --version 
GNU ld (Arm GNU Toolchain 13.3.Rel1 (Build arm-13.24)) 2.42.0.20240614
Copyright (C) 2024 Free Software Foundation, Inc.
This program is free software; you may redistribute it under the terms of
the GNU General Public License version 3 or (at your option) a later version.
This program has absolutely no warranty.
[CHECK] where arm-none-eabi-gdb 
C:\Program Files (x86)\Arm GNU Toolchain arm-none-eabi\13.3 rel1\bin\arm-none-eabi-gdb.exe
[CHECK] arm-none-eabi-gdb --version 
GNU gdb (Arm GNU Toolchain 13.3.Rel1 (Build arm-13.24)) 14.2.90.20240526-git
Copyright (C) 2023 Free Software Foundation, Inc.
License GPLv3+: GNU GPL version 3 or later <http://gnu.org/licenses/gpl.html>
This is free software: you are free to change and redistribute it.
There is NO WARRANTY, to the extent permitted by law.
 
=== Toolchain Setup Completed at ned 15.06.2025.  1:39:23,67 === 
